<?xml version="1.0" encoding="UTF-8"?>
<!-- Generated by org.testng.reporters.JUnitXMLReporter -->
<testsuite ignored="7" hostname="DESKTOP-CMOP74H" failures="0" tests="1" name="Default test" time="8.728" errors="0" timestamp="13 Mar 2021 18:37:54 GMT">
  <testcase classname="com.crm.qa.testcases.HomePageTest" name="nologoutTest" time="2.094"/>
  <testcase classname="com.crm.qa.testcases.HomePageTest" name="HomePageDashboardTest" time="0.0">
    <ignored/>
  </testcase> <!-- HomePageDashboardTest -->
  <testcase classname="com.crm.qa.testcases.HomePageTest" name="AppReviewTest" time="0.0">
    <ignored/>
  </testcase> <!-- AppReviewTest -->
  <testcase classname="com.crm.qa.testcases.HomePageTest" name="HomePageAppTest" time="0.0">
    <ignored/>
  </testcase> <!-- HomePageAppTest -->
  <testcase classname="com.crm.qa.testcases.HomePageTest" name="HomePageDistributiveTest" time="0.0">
    <ignored/>
  </testcase> <!-- HomePageDistributiveTest -->
  <testcase classname="com.crm.qa.testcases.HomePageTest" name="AppRejectTest" time="0.0">
    <ignored/>
  </testcase> <!-- AppRejectTest -->
  <testcase classname="com.crm.qa.testcases.HomePageTest" name="logoutTest" time="0.0">
    <ignored/>
  </testcase> <!-- logoutTest -->
  <testcase classname="com.crm.qa.testcases.HomePageTest" name="HomePageTitleTest" time="0.0">
    <ignored/>
  </testcase> <!-- HomePageTitleTest -->
</testsuite> <!-- Default test -->
