<?xml version="1.0" encoding="UTF-8"?>
<!-- Generated by org.testng.reporters.JUnitXMLReporter -->
<testsuite ignored="37" hostname="DESKTOP-CMOP74H" failures="0" tests="1" name="Default test" time="5.697" errors="0" timestamp="14 Mar 2021 09:15:04 GMT">
  <testcase classname="com.crm.qa.testcases.SignUpPageTest" name="EmptySignUpTest" time="0.327"/>
  <testcase classname="com.crm.qa.testcases.SignUpPageTest" name="UncheckAgreeCheckboxTest" time="0.0">
    <ignored/>
  </testcase> <!-- UncheckAgreeCheckboxTest -->
  <testcase classname="com.crm.qa.testcases.SignUpPageTest" name="LastNameAlertTest" time="0.0">
    <ignored/>
  </testcase> <!-- LastNameAlertTest -->
  <testcase classname="com.crm.qa.testcases.SignUpPageTest" name="SuccessSignUpTest" time="0.0">
    <ignored/>
  </testcase> <!-- SuccessSignUpTest -->
  <testcase classname="com.crm.qa.testcases.SignUpPageTest" name="firstNameTest" time="0.0">
    <ignored/>
  </testcase> <!-- firstNameTest -->
  <testcase classname="com.crm.qa.testcases.SignUpPageTest" name="lasstNameUncheckAgreeTest" time="0.0">
    <ignored/>
  </testcase> <!-- lasstNameUncheckAgreeTest -->
  <testcase classname="com.crm.qa.testcases.SignUpPageTest" name="whiteSpaceFirstNameTest" time="0.0">
    <ignored/>
  </testcase> <!-- whiteSpaceFirstNameTest -->
  <testcase classname="com.crm.qa.testcases.SignUpPageTest" name="whiteSpacePhoneNoTest" time="0.0">
    <ignored/>
  </testcase> <!-- whiteSpacePhoneNoTest -->
  <testcase classname="com.crm.qa.testcases.SignUpPageTest" name="phoneUncheckAgreeTest" time="0.0">
    <ignored/>
  </testcase> <!-- phoneUncheckAgreeTest -->
  <testcase classname="com.crm.qa.testcases.SignUpPageTest" name="LastAndPasswordTest" time="0.0">
    <ignored/>
  </testcase> <!-- LastAndPasswordTest -->
  <testcase classname="com.crm.qa.testcases.SignUpPageTest" name="passwordUncheckAgreeTest" time="0.0">
    <ignored/>
  </testcase> <!-- passwordUncheckAgreeTest -->
  <testcase classname="com.crm.qa.testcases.SignUpPageTest" name="whiteSpaceEmailTest" time="0.0">
    <ignored/>
  </testcase> <!-- whiteSpaceEmailTest -->
  <testcase classname="com.crm.qa.testcases.SignUpPageTest" name="UncheckAgreeCheckboxAlertTest" time="0.0">
    <ignored/>
  </testcase> <!-- UncheckAgreeCheckboxAlertTest -->
  <testcase classname="com.crm.qa.testcases.SignUpPageTest" name="verifyPhoneNoAlertTest" time="0.0">
    <ignored/>
  </testcase> <!-- verifyPhoneNoAlertTest -->
  <testcase classname="com.crm.qa.testcases.SignUpPageTest" name="whiteSpacealastNameTest" time="0.0">
    <ignored/>
  </testcase> <!-- whiteSpacealastNameTest -->
  <testcase classname="com.crm.qa.testcases.SignUpPageTest" name="emailTest" time="0.0">
    <ignored/>
  </testcase> <!-- emailTest -->
  <testcase classname="com.crm.qa.testcases.SignUpPageTest" name="FirstAndPhoneNoTest" time="0.0">
    <ignored/>
  </testcase> <!-- FirstAndPhoneNoTest -->
  <testcase classname="com.crm.qa.testcases.SignUpPageTest" name="verifyEmailAlertTest" time="0.0">
    <ignored/>
  </testcase> <!-- verifyEmailAlertTest -->
  <testcase classname="com.crm.qa.testcases.SignUpPageTest" name="firstNameUncheckAgreeTest" time="0.0">
    <ignored/>
  </testcase> <!-- firstNameUncheckAgreeTest -->
  <testcase classname="com.crm.qa.testcases.SignUpPageTest" name="lastNameTest" time="0.0">
    <ignored/>
  </testcase> <!-- lastNameTest -->
  <testcase classname="com.crm.qa.testcases.SignUpPageTest" name="LastAndEmailTest" time="0.0">
    <ignored/>
  </testcase> <!-- LastAndEmailTest -->
  <testcase classname="com.crm.qa.testcases.SignUpPageTest" name="FirstAndPasswordTest" time="0.0">
    <ignored/>
  </testcase> <!-- FirstAndPasswordTest -->
  <testcase classname="com.crm.qa.testcases.SignUpPageTest" name="PasswordAlertTest" time="0.0">
    <ignored/>
  </testcase> <!-- PasswordAlertTest -->
  <testcase classname="com.crm.qa.testcases.SignUpPageTest" name="FirstAndLastNameTest" time="0.0">
    <ignored/>
  </testcase> <!-- FirstAndLastNameTest -->
  <testcase classname="com.crm.qa.testcases.SignUpPageTest" name="firstNameAlertTest" time="0.0">
    <ignored/>
  </testcase> <!-- firstNameAlertTest -->
  <testcase classname="com.crm.qa.testcases.SignUpPageTest" name="verifyFirstNameAlertTest" time="0.0">
    <ignored/>
  </testcase> <!-- verifyFirstNameAlertTest -->
  <testcase classname="com.crm.qa.testcases.SignUpPageTest" name="passwordTest" time="0.0">
    <ignored/>
  </testcase> <!-- passwordTest -->
  <testcase classname="com.crm.qa.testcases.SignUpPageTest" name="EmailAlertTest" time="0.0">
    <ignored/>
  </testcase> <!-- EmailAlertTest -->
  <testcase classname="com.crm.qa.testcases.SignUpPageTest" name="LastAndPhoneNoTest" time="0.0">
    <ignored/>
  </testcase> <!-- LastAndPhoneNoTest -->
  <testcase classname="com.crm.qa.testcases.SignUpPageTest" name="verifyLastNameAlertTest" time="0.0">
    <ignored/>
  </testcase> <!-- verifyLastNameAlertTest -->
  <testcase classname="com.crm.qa.testcases.SignUpPageTest" name="verifyPasswordAlertTest" time="0.0">
    <ignored/>
  </testcase> <!-- verifyPasswordAlertTest -->
  <testcase classname="com.crm.qa.testcases.SignUpPageTest" name="FirstAndEmailTest" time="0.0">
    <ignored/>
  </testcase> <!-- FirstAndEmailTest -->
  <testcase classname="com.crm.qa.testcases.SignUpPageTest" name="phoneNoTest" time="0.0">
    <ignored/>
  </testcase> <!-- phoneNoTest -->
  <testcase classname="com.crm.qa.testcases.SignUpPageTest" name="emailUncheckAgreeTest" time="0.0">
    <ignored/>
  </testcase> <!-- emailUncheckAgreeTest -->
  <testcase classname="com.crm.qa.testcases.SignUpPageTest" name="RegistrationSucessAlertTest" time="0.0">
    <ignored/>
  </testcase> <!-- RegistrationSucessAlertTest -->
  <testcase classname="com.crm.qa.testcases.SignUpPageTest" name="whiteSpacePasswordTest" time="0.0">
    <ignored/>
  </testcase> <!-- whiteSpacePasswordTest -->
  <testcase classname="com.crm.qa.testcases.SignUpPageTest" name="dropDownTest" time="0.0">
    <ignored/>
  </testcase> <!-- dropDownTest -->
  <testcase classname="com.crm.qa.testcases.SignUpPageTest" name="PhoneNoAlertTest" time="0.0">
    <ignored/>
  </testcase> <!-- PhoneNoAlertTest -->
</testsuite> <!-- Default test -->
