<?xml version="1.0" encoding="UTF-8"?>
<testng-results ignored="37" total="38" passed="1" failed="0" skipped="0">
  <reporter-output>
  </reporter-output>
  <suite started-at="2021-03-14T09:14:59Z" name="Default suite" finished-at="2021-03-14T09:15:04Z" duration-ms="5697">
    <groups>
    </groups>
    <test started-at="2021-03-14T09:14:59Z" name="Default test" finished-at="2021-03-14T09:15:04Z" duration-ms="5697">
      <class name="com.crm.qa.testcases.SignUpPageTest">
        <test-method is-config="true" signature="setup()[pri:0, instance:com.crm.qa.testcases.SignUpPageTest@f78a47e]" started-at="2021-03-14T14:44:59Z" name="setup" finished-at="2021-03-14T14:45:04Z" duration-ms="5346" status="PASS">
          <reporter-output>
          </reporter-output>
        </test-method> <!-- setup -->
        <test-method signature="EmptySignUpTest()[pri:38, instance:com.crm.qa.testcases.SignUpPageTest@f78a47e]" started-at="2021-03-14T14:45:04Z" name="EmptySignUpTest" finished-at="2021-03-14T14:45:04Z" duration-ms="327" status="PASS">
          <reporter-output>
          </reporter-output>
        </test-method> <!-- EmptySignUpTest -->
      </class> <!-- com.crm.qa.testcases.SignUpPageTest -->
    </test> <!-- Default test -->
  </suite> <!-- Default suite -->
</testng-results>
