<?xml version="1.0" encoding="UTF-8"?>
<testng-results ignored="7" total="8" passed="1" failed="0" skipped="0">
  <reporter-output>
  </reporter-output>
  <suite started-at="2021-03-13T18:37:45Z" name="Default suite" finished-at="2021-03-13T18:37:54Z" duration-ms="8728">
    <groups>
    </groups>
    <test started-at="2021-03-13T18:37:45Z" name="Default test" finished-at="2021-03-13T18:37:54Z" duration-ms="8728">
      <class name="com.crm.qa.testcases.HomePageTest">
        <test-method is-config="true" signature="setup()[pri:0, instance:com.crm.qa.testcases.HomePageTest@1c7696c6]" started-at="2021-03-14T00:07:45Z" name="setup" finished-at="2021-03-14T00:07:51Z" duration-ms="5866" status="PASS">
          <reporter-output>
          </reporter-output>
        </test-method> <!-- setup -->
        <test-method signature="nologoutTest()[pri:7, instance:com.crm.qa.testcases.HomePageTest@1c7696c6]" started-at="2021-03-14T00:07:51Z" name="nologoutTest" finished-at="2021-03-14T00:07:53Z" duration-ms="2094" status="PASS">
          <reporter-output>
          </reporter-output>
        </test-method> <!-- nologoutTest -->
        <test-method is-config="true" signature="close()[pri:0, instance:com.crm.qa.testcases.HomePageTest@1c7696c6]" started-at="2021-03-14T00:07:53Z" name="close" finished-at="2021-03-14T00:07:54Z" duration-ms="743" status="PASS">
          <reporter-output>
          </reporter-output>
        </test-method> <!-- close -->
      </class> <!-- com.crm.qa.testcases.HomePageTest -->
    </test> <!-- Default test -->
  </suite> <!-- Default suite -->
</testng-results>
